{
  "0 debug pnpm:scope": {
    "selected": 1
  },
  "1 error pnpm": {
    "errno": 1,
    "code": "ELIFECYCLE",
    "pkgid": "todomvc-velvet@",
    "stage": "dev",
    "script": "NODE_ENV=development node ./scripts/dev.js",
    "pkgname": "todomvc-velvet",
    "err": {
      "name": "pnpm",
      "message": "todomvc-velvet@ dev: `NODE_ENV=development node ./scripts/dev.js`\nExit status 1",
      "code": "ELIFECYCLE",
      "stack": "pnpm: todomvc-velvet@ dev: `NODE_ENV=development node ./scripts/dev.js`\nExit status 1\n    at EventEmitter.<anonymous> (/home/intrnl/.fnm/node-versions/v17.3.0/installation/lib/node_modules/pnpm/dist/pnpm.cjs:104056:20)\n    at EventEmitter.emit (node:events:390:28)\n    at ChildProcess.<anonymous> (/home/intrnl/.fnm/node-versions/v17.3.0/installation/lib/node_modules/pnpm/dist/pnpm.cjs:91985:18)\n    at ChildProcess.emit (node:events:390:28)\n    at maybeClose (node:internal/child_process:1062:16)\n    at Process.ChildProcess._handle.onexit (node:internal/child_process:301:5)"
    }
  },
  "2 warn pnpm:global": " Local package.json exists, but node_modules missing, did you mean to install?"
}